<?xml version="1.0" encoding="UTF-8"?>
<testng-results ignored="0" total="4" passed="3" failed="1" skipped="0">
  <reporter-output>
  </reporter-output>
  <suite started-at="2020-09-29T11:48:31 IST" name="Default suite" finished-at="2020-09-29T11:48:43 IST" duration-ms="11425">
    <groups>
    </groups>
    <test started-at="2020-09-29T11:48:31 IST" name="Default test" finished-at="2020-09-29T11:48:43 IST" duration-ms="11425">
      <class name="TestNGPackage1.FirstTestNGTest">
        <test-method is-config="true" signature="BrowserSetup()[pri:0, instance:TestNGPackage1.FirstTestNGTest@778d1062]" started-at="2020-09-29T11:48:31 IST" name="BrowserSetup" finished-at="2020-09-29T11:48:41 IST" duration-ms="9600" status="PASS">
          <reporter-output>
          </reporter-output>
        </test-method> <!-- BrowserSetup -->
        <test-method signature="ExcelRead()[pri:0, instance:TestNGPackage1.FirstTestNGTest@778d1062]" started-at="2020-09-29T11:48:41 IST" name="ExcelRead" finished-at="2020-09-29T11:48:42 IST" duration-ms="665" status="PASS">
          <reporter-output>
          </reporter-output>
        </test-method> <!-- ExcelRead -->
        <test-method signature="ExcelWrite()[pri:0, instance:TestNGPackage1.FirstTestNGTest@778d1062]" started-at="2020-09-29T11:48:42 IST" name="ExcelWrite" finished-at="2020-09-29T11:48:42 IST" duration-ms="108" status="PASS">
          <reporter-output>
          </reporter-output>
        </test-method> <!-- ExcelWrite -->
        <test-method signature="verifyHomepageTitle2()[pri:1, instance:TestNGPackage1.FirstTestNGTest@778d1062]" started-at="2020-09-29T11:48:42 IST" name="verifyHomepageTitle2" finished-at="2020-09-29T11:48:42 IST" duration-ms="26" status="PASS">
          <reporter-output>
          </reporter-output>
        </test-method> <!-- verifyHomepageTitle2 -->
        <test-method signature="verifyHomepageTitle1()[pri:2, instance:TestNGPackage1.FirstTestNGTest@778d1062]" started-at="2020-09-29T11:48:42 IST" name="verifyHomepageTitle1" finished-at="2020-09-29T11:48:42 IST" duration-ms="17" status="FAIL">
          <exception class="java.lang.AssertionError">
            <message>
              <![CDATA[expected [Mercury] but found [Google]]]>
            </message>
            <full-stacktrace>
              <![CDATA[java.lang.AssertionError: expected [Mercury] but found [Google]
at org.testng.Assert.fail(Assert.java:99)
at org.testng.Assert.failNotEquals(Assert.java:1037)
at org.testng.Assert.assertEqualsImpl(Assert.java:140)
at org.testng.Assert.assertEquals(Assert.java:122)
at org.testng.Assert.assertEquals(Assert.java:629)
at org.testng.Assert.assertEquals(Assert.java:639)
at TestNGPackage1.FirstTestNGTest.verifyHomepageTitle1(FirstTestNGTest.java:70)
at java.base/jdk.internal.reflect.NativeMethodAccessorImpl.invoke0(Native Method)
at java.base/jdk.internal.reflect.NativeMethodAccessorImpl.invoke(NativeMethodAccessorImpl.java:64)
at java.base/jdk.internal.reflect.DelegatingMethodAccessorImpl.invoke(DelegatingMethodAccessorImpl.java:43)
at java.base/java.lang.reflect.Method.invoke(Method.java:564)
at org.testng.internal.MethodInvocationHelper.invokeMethod(MethodInvocationHelper.java:132)
at org.testng.internal.TestInvoker.invokeMethod(TestInvoker.java:599)
at org.testng.internal.TestInvoker.invokeTestMethod(TestInvoker.java:174)
at org.testng.internal.MethodRunner.runInSequence(MethodRunner.java:46)
at org.testng.internal.TestInvoker$MethodInvocationAgent.invoke(TestInvoker.java:822)
at org.testng.internal.TestInvoker.invokeTestMethods(TestInvoker.java:147)
at org.testng.internal.TestMethodWorker.invokeTestMethods(TestMethodWorker.java:146)
at org.testng.internal.TestMethodWorker.run(TestMethodWorker.java:128)
at java.base/java.util.ArrayList.forEach(ArrayList.java:1511)
at org.testng.TestRunner.privateRun(TestRunner.java:764)
at org.testng.TestRunner.run(TestRunner.java:585)
at org.testng.SuiteRunner.runTest(SuiteRunner.java:384)
at org.testng.SuiteRunner.runSequentially(SuiteRunner.java:378)
at org.testng.SuiteRunner.privateRun(SuiteRunner.java:337)
at org.testng.SuiteRunner.run(SuiteRunner.java:286)
at org.testng.SuiteRunnerWorker.runSuite(SuiteRunnerWorker.java:53)
at org.testng.SuiteRunnerWorker.run(SuiteRunnerWorker.java:96)
at org.testng.TestNG.runSuitesSequentially(TestNG.java:1218)
at org.testng.TestNG.runSuitesLocally(TestNG.java:1140)
at org.testng.TestNG.runSuites(TestNG.java:1069)
at org.testng.TestNG.run(TestNG.java:1037)
at org.testng.remote.AbstractRemoteTestNG.run(AbstractRemoteTestNG.java:115)
at org.testng.remote.RemoteTestNG.initAndRun(RemoteTestNG.java:251)
at org.testng.remote.RemoteTestNG.main(RemoteTestNG.java:77)
]]>
            </full-stacktrace>
          </exception> <!-- java.lang.AssertionError -->
          <reporter-output>
          </reporter-output>
        </test-method> <!-- verifyHomepageTitle1 -->
        <test-method is-config="true" signature="BrowserShutdown()[pri:0, instance:TestNGPackage1.FirstTestNGTest@778d1062]" started-at="2020-09-29T11:48:42 IST" name="BrowserShutdown" finished-at="2020-09-29T11:48:43 IST" duration-ms="911" status="PASS">
          <reporter-output>
          </reporter-output>
        </test-method> <!-- BrowserShutdown -->
      </class> <!-- TestNGPackage1.FirstTestNGTest -->
    </test> <!-- Default test -->
  </suite> <!-- Default suite -->
</testng-results>
